<?xml version="1.0" encoding="UTF-8"?>
<!-- Generated by org.testng.reporters.JUnitReportReporter -->
<testsuite skipped="0" hostname="2019050711" name="testgit.Driver" tests="1" failures="0" timestamp="11 十二月 2020 02:48:59 GMT" time="5.040" errors="0">
  <testcase name="start" time="5.040" classname="testgit.Driver"/>
</testsuite> <!-- testgit.Driver -->
