<?xml version="1.0" encoding="UTF-8"?>
<!-- Generated by org.testng.reporters.JUnitReportReporter -->
<testsuite name="demo.example.test.GetNoteTep" tests="2" time="5.460" ignored="0" failures="0" timestamp="30 四月 2021 03:24:44 GMT" skipped="0" hostname="2019050711" errors="0">
  <testcase name="getCalloutTask" time="3.785" classname="demo.example.test.GetNoteTep"/>
  <testcase name="getNoteTemple" time="1.675" classname="demo.example.test.GetNoteTep"/>
</testsuite> <!-- demo.example.test.GetNoteTep -->
