<?xml version="1.0" encoding="UTF-8"?>
<!-- Generated by org.testng.reporters.JUnitReportReporter -->
<testsuite name="test.seleniumdemo.test" tests="1" time="39.179" ignored="0" failures="0" timestamp="04 十一月 2020 15:38:39 GMT" skipped="0" hostname="U53HSAHFSEXFSRN" errors="0">
  <testcase name="startup" time="39.179" classname="test.seleniumdemo.test"/>
</testsuite> <!-- test.seleniumdemo.test -->
