<?xml version="1.0" encoding="UTF-8"?>
<!-- Generated by org.testng.reporters.JUnitReportReporter -->
<testsuite name="test.seleniumdemo.LoginTest" tests="1" time="4.492" ignored="0" failures="0" timestamp="01 十二月 2020 15:02:40 GMT" skipped="0" hostname="U53HSAHFSEXFSRN" errors="0">
  <testcase name="login" time="4.492" classname="test.seleniumdemo.LoginTest"/>
</testsuite> <!-- test.seleniumdemo.LoginTest -->
